<?xml version="1.0" encoding="UTF-8"?>
<!-- Generated by org.testng.reporters.JUnitReportReporter -->
<testsuite hostname="DESKTOP-T5CP6CB" failures="0" tests="1" name="test.Registertest" time="0.592" errors="0" timestamp="2024-03-26T20:53:07 GMT-07:00" skipped="0">
  <testcase classname="test.Registertest" name="register" time="0.592"/>
  <system-out/>
</testsuite> <!-- test.Registertest -->
